Build started 4/23/2013 8:25:35 PM.
     1>Project "C:\Users\Seven\Documents\GitHub\CatSunBeam\CatSunbeam\CatSunbeam.vcxproj" on node 2 (Build target(s)).
     1>PrepareForBuild:
         Creating directory "C:\Users\Seven\Documents\GitHub\CatSunBeam\Debug\".
       InitializeBuildStatus:
         Creating "Debug\CatSunbeam.unsuccessfulbuild" because "AlwaysCreate" was specified.
       ClCompile:
         C:\Program Files (x86)\Microsoft Visual Studio 11.0\VC\bin\CL.exe /c /ZI /nologo /W3 /WX- /Od /Oy- /D _MBCS /Gm /EHsc /RTC1 /MDd /GS /fp:precise /Zc:wchar_t /Zc:forScope /Fo"Debug\\" /Fd"Debug\vc110.pdb" /Gd /TP /analyze- /errorReport:prompt DirectXHelper.cpp Lighting/Lighting.cpp Main.cpp Model/Model.cpp Particles/Particles.cpp Scene/Scene.cpp
         Scene.cpp
         Particles.cpp
         Model.cpp
         Main.cpp
         Lighting.cpp
         DirectXHelper.cpp
         Generating Code...
       Link:
         C:\Program Files (x86)\Microsoft Visual Studio 11.0\VC\bin\link.exe /ERRORREPORT:PROMPT /OUT:"C:\Users\Seven\Documents\GitHub\CatSunBeam\Debug\CatSunbeam.exe" /INCREMENTAL /NOLOGO kernel32.lib user32.lib gdi32.lib winspool.lib comdlg32.lib advapi32.lib shell32.lib ole32.lib oleaut32.lib uuid.lib odbc32.lib odbccp32.lib /MANIFEST /MANIFESTUAC:"level='asInvoker' uiAccess='false'" /manifest:embed /DEBUG /PDB:"C:\Users\Seven\Documents\GitHub\CatSunBeam\Debug\CatSunbeam.pdb" /TLBID:1 /DYNAMICBASE /NXCOMPAT /IMPLIB:"C:\Users\Seven\Documents\GitHub\CatSunBeam\Debug\CatSunbeam.lib" /MACHINE:X86 Debug\DirectXHelper.obj
         Debug\Lighting.obj
         Debug\Main.obj
         Debug\Model.obj
         Debug\Particles.obj
         Debug\Scene.obj
         CatSunbeam.vcxproj -> C:\Users\Seven\Documents\GitHub\CatSunBeam\Debug\CatSunbeam.exe
       FinalizeBuildStatus:
         Deleting file "Debug\CatSunbeam.unsuccessfulbuild".
         Touching "Debug\CatSunbeam.lastbuildstate".
     1>Done Building Project "C:\Users\Seven\Documents\GitHub\CatSunBeam\CatSunbeam\CatSunbeam.vcxproj" (Build target(s)).

Build succeeded.

Time Elapsed 00:00:02.69
